mode: set
github.com/berkantay/user-management-service/pkg/utility/utility.go:5.42,8.2 2 1
github.com/berkantay/user-management-service/internal/adapters/driving/grpcserver/grpcserver.go:31.45,36.2 1 0
github.com/berkantay/user-management-service/internal/adapters/driving/grpcserver/grpcserver.go:38.24,41.16 2 0
github.com/berkantay/user-management-service/internal/adapters/driving/grpcserver/grpcserver.go:45.2,52.25 5 0
github.com/berkantay/user-management-service/internal/adapters/driving/grpcserver/grpcserver.go:41.16,43.3 1 0
github.com/berkantay/user-management-service/internal/adapters/driving/grpcserver/grpcserver.go:56.109,61.19 3 0
github.com/berkantay/user-management-service/internal/adapters/driving/grpcserver/grpcserver.go:71.2,73.16 2 0
github.com/berkantay/user-management-service/internal/adapters/driving/grpcserver/grpcserver.go:82.2,90.8 1 0
github.com/berkantay/user-management-service/internal/adapters/driving/grpcserver/grpcserver.go:61.19,69.3 1 0
github.com/berkantay/user-management-service/internal/adapters/driving/grpcserver/grpcserver.go:73.16,80.3 1 0
github.com/berkantay/user-management-service/internal/adapters/driving/grpcserver/grpcserver.go:93.109,99.16 3 0
github.com/berkantay/user-management-service/internal/adapters/driving/grpcserver/grpcserver.go:108.2,113.8 1 0
github.com/berkantay/user-management-service/internal/adapters/driving/grpcserver/grpcserver.go:99.16,106.3 1 0
github.com/berkantay/user-management-service/internal/adapters/driving/grpcserver/grpcserver.go:116.109,121.16 3 0
github.com/berkantay/user-management-service/internal/adapters/driving/grpcserver/grpcserver.go:130.2,135.8 1 0
github.com/berkantay/user-management-service/internal/adapters/driving/grpcserver/grpcserver.go:121.16,128.3 1 0
github.com/berkantay/user-management-service/internal/adapters/driving/grpcserver/grpcserver.go:139.109,145.16 3 0
github.com/berkantay/user-management-service/internal/adapters/driving/grpcserver/grpcserver.go:154.2,154.17 1 0
github.com/berkantay/user-management-service/internal/adapters/driving/grpcserver/grpcserver.go:163.2,163.42 1 0
github.com/berkantay/user-management-service/internal/adapters/driving/grpcserver/grpcserver.go:145.16,152.3 1 0
github.com/berkantay/user-management-service/internal/adapters/driving/grpcserver/grpcserver.go:154.17,161.3 1 0
github.com/berkantay/user-management-service/internal/adapters/driving/grpcserver/grpcserver.go:167.69,177.2 1 1
github.com/berkantay/user-management-service/internal/adapters/driving/grpcserver/grpcserver.go:179.69,189.2 1 1
github.com/berkantay/user-management-service/internal/adapters/driving/grpcserver/grpcserver.go:191.62,195.21 3 0
github.com/berkantay/user-management-service/internal/adapters/driving/grpcserver/grpcserver.go:199.2,199.21 1 0
github.com/berkantay/user-management-service/internal/adapters/driving/grpcserver/grpcserver.go:203.2,212.3 1 0
github.com/berkantay/user-management-service/internal/adapters/driving/grpcserver/grpcserver.go:195.21,197.3 1 0
github.com/berkantay/user-management-service/internal/adapters/driving/grpcserver/grpcserver.go:199.21,201.3 1 0
github.com/berkantay/user-management-service/internal/adapters/driving/grpcserver/grpcserver.go:215.94,217.26 2 1
github.com/berkantay/user-management-service/internal/adapters/driving/grpcserver/grpcserver.go:229.2,239.3 1 1
github.com/berkantay/user-management-service/internal/adapters/driving/grpcserver/grpcserver.go:217.26,227.3 1 1
github.com/berkantay/user-management-service/internal/user/user.go:26.45,31.2 1 1
github.com/berkantay/user-management-service/internal/user/user.go:33.67,40.16 5 1
github.com/berkantay/user-management-service/internal/user/user.go:43.2,47.16 3 1
github.com/berkantay/user-management-service/internal/user/user.go:51.2,51.25 1 1
github.com/berkantay/user-management-service/internal/user/user.go:40.16,42.3 1 0
github.com/berkantay/user-management-service/internal/user/user.go:47.16,49.3 1 0
github.com/berkantay/user-management-service/internal/user/user.go:55.56,59.16 2 1
github.com/berkantay/user-management-service/internal/user/user.go:63.2,63.12 1 1
github.com/berkantay/user-management-service/internal/user/user.go:59.16,61.3 1 0
github.com/berkantay/user-management-service/internal/user/user.go:66.53,69.16 2 1
github.com/berkantay/user-management-service/internal/user/user.go:73.2,73.12 1 1
github.com/berkantay/user-management-service/internal/user/user.go:69.16,71.3 1 0
github.com/berkantay/user-management-service/internal/user/user.go:76.78,79.16 2 1
github.com/berkantay/user-management-service/internal/user/user.go:83.2,85.19 2 1
github.com/berkantay/user-management-service/internal/user/user.go:79.16,81.3 1 0
github.com/berkantay/user-management-service/internal/user/user.go:88.68,92.16 2 0
github.com/berkantay/user-management-service/internal/user/user.go:96.2,96.12 1 0
github.com/berkantay/user-management-service/internal/user/user.go:92.16,94.3 1 0
github.com/berkantay/user-management-service/internal/user/user.go:99.53,104.2 2 0
github.com/berkantay/user-management-service/internal/user/user.go:106.47,110.16 2 0
github.com/berkantay/user-management-service/internal/user/user.go:114.2,114.12 1 0
github.com/berkantay/user-management-service/internal/user/user.go:110.16,112.3 1 0
github.com/berkantay/user-management-service/pkg/encryption/encryption.go:5.52,8.2 2 1
